This is pdfTeX, Version 3.141592653-2.6-1.40.26 (MiKTeX 24.4) (preloaded format=pdflatex 2024.9.27)  30 DEC 2024 06:07
entering extended mode
 restricted \write18 enabled.
 %&-line parsing enabled.
**./MAIN.tex
(MAIN.tex
LaTeX2e <2024-06-01> patch level 2
L3 programming layer <2024-08-30>

(C:\Users\Diego De Pablo\AppData\Local\Programs\MiKTeX\tex/latex/base\article.c
ls
Document Class: article 2024/02/08 v1.4n Standard LaTeX document class

(C:\Users\Diego De Pablo\AppData\Local\Programs\MiKTeX\tex/latex/base\size12.cl
o
File: size12.clo 2024/02/08 v1.4n Standard LaTeX file (size option)
)
\c@part=\count194
\c@section=\count195
\c@subsection=\count196
\c@subsubsection=\count197
\c@paragraph=\count198
\c@subparagraph=\count199
\c@figure=\count266
\c@table=\count267
\abovecaptionskip=\skip49
\belowcaptionskip=\skip50
\bibindent=\dimen141
)
(C:\Users\Diego De Pablo\AppData\Local\Programs\MiKTeX\tex/latex/pdfpages\pdfpa
ges.sty
Package: pdfpages 2024/08/20 v0.6b Insert pages of external PDF documents (AM)

(C:\Users\Diego De Pablo\AppData\Local\Programs\MiKTeX\tex/latex/base\ifthen.st
y
Package: ifthen 2024/03/16 v1.1e Standard LaTeX ifthen package (DPC)
)
(C:\Users\Diego De Pablo\AppData\Local\Programs\MiKTeX\tex/latex/tools\calc.sty
Package: calc 2023/07/08 v4.3 Infix arithmetic (KKT,FJ)
\calc@Acount=\count268
\calc@Bcount=\count269
\calc@Adimen=\dimen142
\calc@Bdimen=\dimen143
\calc@Askip=\skip51
\calc@Bskip=\skip52
LaTeX Info: Redefining \setlength on input line 80.
LaTeX Info: Redefining \addtolength on input line 81.
\calc@Ccount=\count270
\calc@Cskip=\skip53
)
(C:\Users\Diego De Pablo\AppData\Local\Programs\MiKTeX\tex/latex/eso-pic\eso-pi
c.sty
Package: eso-pic 2023/05/03 v3.0c eso-pic (RN)
\ESO@tempdima=\dimen144
\ESO@tempdimb=\dimen145

(C:\Users\Diego De Pablo\AppData\Local\Programs\MiKTeX\tex/latex/graphics\keyva
l.sty
Package: keyval 2022/05/29 v1.15 key=value parser (DPC)
\KV@toks@=\toks17
)
(C:\Users\Diego De Pablo\AppData\Local\Programs\MiKTeX\tex/latex/xcolor\xcolor.
sty
Package: xcolor 2023/11/15 v3.01 LaTeX color extensions (UK)

(C:\Users\Diego De Pablo\AppData\Local\Programs\MiKTeX\tex/latex/graphics-cfg\c
olor.cfg
File: color.cfg 2016/01/02 v1.6 sample color configuration
)
Package xcolor Info: Driver file: pdftex.def on input line 274.

(C:\Users\Diego De Pablo\AppData\Local\Programs\MiKTeX\tex/latex/graphics-def\p
dftex.def
File: pdftex.def 2024/04/13 v1.2c Graphics/color driver for pdftex
)
(C:\Users\Diego De Pablo\AppData\Local\Programs\MiKTeX\tex/latex/graphics\mathc
olor.ltx)
Package xcolor Info: Model `cmy' substituted by `cmy0' on input line 1350.
Package xcolor Info: Model `hsb' substituted by `rgb' on input line 1354.
Package xcolor Info: Model `RGB' extended on input line 1366.
Package xcolor Info: Model `HTML' substituted by `rgb' on input line 1368.
Package xcolor Info: Model `Hsb' substituted by `hsb' on input line 1369.
Package xcolor Info: Model `tHsb' substituted by `hsb' on input line 1370.
Package xcolor Info: Model `HSB' substituted by `hsb' on input line 1371.
Package xcolor Info: Model `Gray' substituted by `gray' on input line 1372.
Package xcolor Info: Model `wave' substituted by `hsb' on input line 1373.
))
(C:\Users\Diego De Pablo\AppData\Local\Programs\MiKTeX\tex/latex/graphics\graph
icx.sty
Package: graphicx 2021/09/16 v1.2d Enhanced LaTeX Graphics (DPC,SPQR)

(C:\Users\Diego De Pablo\AppData\Local\Programs\MiKTeX\tex/latex/graphics\graph
ics.sty
Package: graphics 2024/05/23 v1.4g Standard LaTeX Graphics (DPC,SPQR)

(C:\Users\Diego De Pablo\AppData\Local\Programs\MiKTeX\tex/latex/graphics\trig.
sty
Package: trig 2023/12/02 v1.11 sin cos tan (DPC)
)
(C:\Users\Diego De Pablo\AppData\Local\Programs\MiKTeX\tex/latex/graphics-cfg\g
raphics.cfg
File: graphics.cfg 2016/06/04 v1.11 sample graphics configuration
)
Package graphics Info: Driver file: pdftex.def on input line 106.
)
\Gin@req@height=\dimen146
\Gin@req@width=\dimen147
)
\AM@pagewidth=\dimen148
\AM@pageheight=\dimen149
\AM@fboxrule=\dimen150

(C:\Users\Diego De Pablo\AppData\Local\Programs\MiKTeX\tex/latex/pdfpages\pppdf
tex.def
File: pppdftex.def 2024/08/20 v0.6b Pdfpages driver for pdfTeX (AM)
)
\pdfpages@includegraphics@status=\count271
\AM@pagebox=\box52
\AM@global@opts=\toks18
\AM@pagecnt=\count272
\AM@toc@title=\toks19
\AM@lof@heading=\toks20
\c@AM@survey=\count273
\AM@templatesizebox=\box53
)
(C:\Users\Diego De Pablo\AppData\Local\Programs\MiKTeX\tex/latex/subfiles\subfi
les.sty
Package: subfiles 2020/11/14 v2.2 Multi-file projects (package)

(C:\Users\Diego De Pablo\AppData\Local\Programs\MiKTeX\tex/latex/import\import.
sty
Package: import 2020/04/01  v 6.2
))
(C:\Users\Diego De Pablo\AppData\Local\Programs\MiKTeX\tex/latex/hyperref\hyper
ref.sty
Package: hyperref 2024-07-10 v7.01j Hypertext links for LaTeX

(C:\Users\Diego De Pablo\AppData\Local\Programs\MiKTeX\tex/generic/iftex\iftex.
sty
Package: iftex 2022/02/03 v1.0f TeX engine tests
)
(C:\Users\Diego De Pablo\AppData\Local\Programs\MiKTeX\tex/latex/kvsetkeys\kvse
tkeys.sty
Package: kvsetkeys 2022-10-05 v1.19 Key value parser (HO)
)
(C:\Users\Diego De Pablo\AppData\Local\Programs\MiKTeX\tex/generic/kvdefinekeys
\kvdefinekeys.sty
Package: kvdefinekeys 2019-12-19 v1.6 Define keys (HO)
)
(C:\Users\Diego De Pablo\AppData\Local\Programs\MiKTeX\tex/generic/pdfescape\pd
fescape.sty
Package: pdfescape 2019/12/09 v1.15 Implements pdfTeX's escape features (HO)

(C:\Users\Diego De Pablo\AppData\Local\Programs\MiKTeX\tex/generic/ltxcmds\ltxc
mds.sty
Package: ltxcmds 2023-12-04 v1.26 LaTeX kernel commands for general use (HO)
)
(C:\Users\Diego De Pablo\AppData\Local\Programs\MiKTeX\tex/generic/pdftexcmds\p
dftexcmds.sty
Package: pdftexcmds 2020-06-27 v0.33 Utility functions of pdfTeX for LuaTeX (HO
)

(C:\Users\Diego De Pablo\AppData\Local\Programs\MiKTeX\tex/generic/infwarerr\in
fwarerr.sty
Package: infwarerr 2019/12/03 v1.5 Providing info/warning/error messages (HO)
)
Package pdftexcmds Info: \pdf@primitive is available.
Package pdftexcmds Info: \pdf@ifprimitive is available.
Package pdftexcmds Info: \pdfdraftmode found.
))
(C:\Users\Diego De Pablo\AppData\Local\Programs\MiKTeX\tex/latex/hycolor\hycolo
r.sty
Package: hycolor 2020-01-27 v1.10 Color options for hyperref/bookmark (HO)
)
(C:\Users\Diego De Pablo\AppData\Local\Programs\MiKTeX\tex/latex/hyperref\namer
ef.sty
Package: nameref 2023-11-26 v2.56 Cross-referencing by name of section

(C:\Users\Diego De Pablo\AppData\Local\Programs\MiKTeX\tex/latex/refcount\refco
unt.sty
Package: refcount 2019/12/15 v3.6 Data extraction from label references (HO)
)
(C:\Users\Diego De Pablo\AppData\Local\Programs\MiKTeX\tex/generic/gettitlestri
ng\gettitlestring.sty
Package: gettitlestring 2019/12/15 v1.6 Cleanup title references (HO)

(C:\Users\Diego De Pablo\AppData\Local\Programs\MiKTeX\tex/latex/kvoptions\kvop
tions.sty
Package: kvoptions 2022-06-15 v3.15 Key value format for package options (HO)
))
\c@section@level=\count274
)
(C:\Users\Diego De Pablo\AppData\Local\Programs\MiKTeX\tex/latex/etoolbox\etool
box.sty
Package: etoolbox 2020/10/05 v2.5k e-TeX tools for LaTeX (JAW)
\etb@tempcnta=\count275
)
(C:\Users\Diego De Pablo\AppData\Local\Programs\MiKTeX\tex/generic/stringenc\st
ringenc.sty
Package: stringenc 2019/11/29 v1.12 Convert strings between diff. encodings (HO
)
)
\@linkdim=\dimen151
\Hy@linkcounter=\count276
\Hy@pagecounter=\count277

(C:\Users\Diego De Pablo\AppData\Local\Programs\MiKTeX\tex/latex/hyperref\pd1en
c.def
File: pd1enc.def 2024-07-10 v7.01j Hyperref: PDFDocEncoding definition (HO)
Now handling font encoding PD1 ...
... no UTF-8 mapping file for font encoding PD1
)
(C:\Users\Diego De Pablo\AppData\Local\Programs\MiKTeX\tex/generic/intcalc\intc
alc.sty
Package: intcalc 2019/12/15 v1.3 Expandable calculations with integers (HO)
)
\Hy@SavedSpaceFactor=\count278

(C:\Users\Diego De Pablo\AppData\Local\Programs\MiKTeX\tex/latex/hyperref\puenc
.def
File: puenc.def 2024-07-10 v7.01j Hyperref: PDF Unicode definition (HO)
Now handling font encoding PU ...
... no UTF-8 mapping file for font encoding PU
)
Package hyperref Info: Hyper figures OFF on input line 4157.
Package hyperref Info: Link nesting OFF on input line 4162.
Package hyperref Info: Hyper index ON on input line 4165.
Package hyperref Info: Plain pages OFF on input line 4172.
Package hyperref Info: Backreferencing OFF on input line 4177.
Package hyperref Info: Implicit mode ON; LaTeX internals redefined.
Package hyperref Info: Bookmarks ON on input line 4424.
\c@Hy@tempcnt=\count279

(C:\Users\Diego De Pablo\AppData\Local\Programs\MiKTeX\tex/latex/url\url.sty
\Urlmuskip=\muskip17
Package: url 2013/09/16  ver 3.4  Verb mode for urls, etc.
)
LaTeX Info: Redefining \url on input line 4763.
\XeTeXLinkMargin=\dimen152

(C:\Users\Diego De Pablo\AppData\Local\Programs\MiKTeX\tex/generic/bitset\bitse
t.sty
Package: bitset 2019/12/09 v1.3 Handle bit-vector datatype (HO)

(C:\Users\Diego De Pablo\AppData\Local\Programs\MiKTeX\tex/generic/bigintcalc\b
igintcalc.sty
Package: bigintcalc 2019/12/15 v1.5 Expandable calculations on big integers (HO
)
))
\Fld@menulength=\count280
\Field@Width=\dimen153
\Fld@charsize=\dimen154
Package hyperref Info: Hyper figures OFF on input line 6042.
Package hyperref Info: Link nesting OFF on input line 6047.
Package hyperref Info: Hyper index ON on input line 6050.
Package hyperref Info: backreferencing OFF on input line 6057.
Package hyperref Info: Link coloring OFF on input line 6062.
Package hyperref Info: Link coloring with OCG OFF on input line 6067.
Package hyperref Info: PDF/A mode OFF on input line 6072.

(C:\Users\Diego De Pablo\AppData\Local\Programs\MiKTeX\tex/latex/base\atbegshi-
ltx.sty
Package: atbegshi-ltx 2021/01/10 v1.0c Emulation of the original atbegshi
package with kernel methods
)
\Hy@abspage=\count281
\c@Item=\count282
\c@Hfootnote=\count283
)
Package hyperref Info: Driver (autodetected): hpdftex.

(C:\Users\Diego De Pablo\AppData\Local\Programs\MiKTeX\tex/latex/hyperref\hpdft
ex.def
File: hpdftex.def 2024-07-10 v7.01j Hyperref driver for pdfTeX

(C:\Users\Diego De Pablo\AppData\Local\Programs\MiKTeX\tex/latex/base\atveryend
-ltx.sty
Package: atveryend-ltx 2020/08/19 v1.0a Emulation of the original atveryend pac
kage
with kernel methods
)
\Fld@listcount=\count284
\c@bookmark@seq@number=\count285

(C:\Users\Diego De Pablo\AppData\Local\Programs\MiKTeX\tex/latex/rerunfilecheck
\rerunfilecheck.sty
Package: rerunfilecheck 2022-07-10 v1.10 Rerun checks for auxiliary files (HO)

(C:\Users\Diego De Pablo\AppData\Local\Programs\MiKTeX\tex/generic/uniquecounte
r\uniquecounter.sty
Package: uniquecounter 2019/12/15 v1.4 Provide unlimited unique counter (HO)
)
Package uniquecounter Info: New unique counter `rerunfilecheck' on input line 2
85.
)
\Hy@SectionHShift=\skip54
)
(C:\Users\Diego De Pablo\AppData\Local\Programs\MiKTeX\tex/latex/listings\listi
ngs.sty
\lst@mode=\count286
\lst@gtempboxa=\box54
\lst@token=\toks21
\lst@length=\count287
\lst@currlwidth=\dimen155
\lst@column=\count288
\lst@pos=\count289
\lst@lostspace=\dimen156
\lst@width=\dimen157
\lst@newlines=\count290
\lst@lineno=\count291
\lst@maxwidth=\dimen158

(C:\Users\Diego De Pablo\AppData\Local\Programs\MiKTeX\tex/latex/listings\lstpa
tch.sty
File: lstpatch.sty 2024/05/25 1.10b (Carsten Heinz)
)
(C:\Users\Diego De Pablo\AppData\Local\Programs\MiKTeX\tex/latex/listings\lstmi
sc.sty
File: lstmisc.sty 2024/05/25 1.10b (Carsten Heinz)
\c@lstnumber=\count292
\lst@skipnumbers=\count293
\lst@framebox=\box55
)
(C:\Users\Diego De Pablo\AppData\Local\Programs\MiKTeX\tex/latex/listings\listi
ngs.cfg
File: listings.cfg 2024/05/25 1.10b listings configuration
))
Package: listings 2024/05/25 1.10b (Carsten Heinz)

(C:\Users\Diego De Pablo\AppData\Local\Programs\MiKTeX\tex/latex/tools\verbatim
.sty
Package: verbatim 2024-01-22 v1.5x LaTeX2e package for verbatim enhancements
\every@verbatim=\toks22
\verbatim@line=\toks23
\verbatim@in@stream=\read2
)
(C:\Users\Diego De Pablo\AppData\Local\Programs\MiKTeX\tex/latex/biblatex\bibla
tex.sty
Package: biblatex 2024/03/21 v3.20 programmable bibliographies (PK/MW)

(C:\Users\Diego De Pablo\AppData\Local\Programs\MiKTeX\tex/latex/logreq\logreq.
sty
Package: logreq 2010/08/04 v1.0 xml request logger
\lrq@indent=\count294

(C:\Users\Diego De Pablo\AppData\Local\Programs\MiKTeX\tex/latex/logreq\logreq.
def
File: logreq.def 2010/08/04 v1.0 logreq spec v1.0
))
\c@tabx@nest=\count295
\c@listtotal=\count296
\c@listcount=\count297
\c@liststart=\count298
\c@liststop=\count299
\c@citecount=\count300
\c@citetotal=\count301
\c@multicitecount=\count302
\c@multicitetotal=\count303
\c@instcount=\count304
\c@maxnames=\count305
\c@minnames=\count306
\c@maxitems=\count307
\c@minitems=\count308
\c@citecounter=\count309
\c@maxcitecounter=\count310
\c@savedcitecounter=\count311
\c@uniquelist=\count312
\c@uniquename=\count313
\c@refsection=\count314
\c@refsegment=\count315
\c@maxextratitle=\count316
\c@maxextratitleyear=\count317
\c@maxextraname=\count318
\c@maxextradate=\count319
\c@maxextraalpha=\count320
\c@abbrvpenalty=\count321
\c@highnamepenalty=\count322
\c@lownamepenalty=\count323
\c@maxparens=\count324
\c@parenlevel=\count325
\blx@tempcnta=\count326
\blx@tempcntb=\count327
\blx@tempcntc=\count328
\c@blx@maxsection=\count329
\blx@maxsegment@0=\count330
\blx@notetype=\count331
\blx@parenlevel@text=\count332
\blx@parenlevel@foot=\count333
\blx@sectionciteorder@0=\count334
\blx@sectionciteorderinternal@0=\count335
\blx@entrysetcounter=\count336
\blx@biblioinstance=\count337
\labelnumberwidth=\skip55
\labelalphawidth=\skip56
\biblabelsep=\skip57
\bibitemsep=\skip58
\bibnamesep=\skip59
\bibinitsep=\skip60
\bibparsep=\skip61
\bibhang=\skip62
\blx@bcfin=\read3
\blx@bcfout=\write3
\blx@langwohyphens=\language79
\c@mincomprange=\count338
\c@maxcomprange=\count339
\c@mincompwidth=\count340
Package biblatex Info: Trying to load biblatex default data model...
Package biblatex Info: ... file 'blx-dm.def' found.

(C:\Users\Diego De Pablo\AppData\Local\Programs\MiKTeX\tex/latex/biblatex\blx-d
m.def
File: blx-dm.def 2024/03/21 v3.20 biblatex datamodel (PK/MW)
)
Package biblatex Info: Trying to load biblatex style data model...
Package biblatex Info: ... file 'numeric.dbx' not found.
Package biblatex Info: Trying to load biblatex custom data model...
Package biblatex Info: ... file 'biblatex-dm.cfg' not found.
\c@afterword=\count341
\c@savedafterword=\count342
\c@annotator=\count343
\c@savedannotator=\count344
\c@author=\count345
\c@savedauthor=\count346
\c@bookauthor=\count347
\c@savedbookauthor=\count348
\c@commentator=\count349
\c@savedcommentator=\count350
\c@editor=\count351
\c@savededitor=\count352
\c@editora=\count353
\c@savededitora=\count354
\c@editorb=\count355
\c@savededitorb=\count356
\c@editorc=\count357
\c@savededitorc=\count358
\c@foreword=\count359
\c@savedforeword=\count360
\c@holder=\count361
\c@savedholder=\count362
\c@introduction=\count363
\c@savedintroduction=\count364
\c@namea=\count365
\c@savednamea=\count366
\c@nameb=\count367
\c@savednameb=\count368
\c@namec=\count369
\c@savednamec=\count370
\c@translator=\count371
\c@savedtranslator=\count372
\c@shortauthor=\count373
\c@savedshortauthor=\count374
\c@shorteditor=\count375
\c@savedshorteditor=\count376
\c@labelname=\count377
\c@savedlabelname=\count378
\c@institution=\count379
\c@savedinstitution=\count380
\c@lista=\count381
\c@savedlista=\count382
\c@listb=\count383
\c@savedlistb=\count384
\c@listc=\count385
\c@savedlistc=\count386
\c@listd=\count387
\c@savedlistd=\count388
\c@liste=\count389
\c@savedliste=\count390
\c@listf=\count391
\c@savedlistf=\count392
\c@location=\count393
\c@savedlocation=\count394
\c@organization=\count395
\c@savedorganization=\count396
\c@origlocation=\count397
\c@savedoriglocation=\count398
\c@origpublisher=\count399
\c@savedorigpublisher=\count400
\c@publisher=\count401
\c@savedpublisher=\count402
\c@language=\count403
\c@savedlanguage=\count404
\c@origlanguage=\count405
\c@savedoriglanguage=\count406
\c@pageref=\count407
\c@savedpageref=\count408
\shorthandwidth=\skip63
\shortjournalwidth=\skip64
\shortserieswidth=\skip65
\shorttitlewidth=\skip66
\shortauthorwidth=\skip67
\shorteditorwidth=\skip68
\locallabelnumberwidth=\skip69
\locallabelalphawidth=\skip70
\localshorthandwidth=\skip71
\localshortjournalwidth=\skip72
\localshortserieswidth=\skip73
\localshorttitlewidth=\skip74
\localshortauthorwidth=\skip75
\localshorteditorwidth=\skip76
Package biblatex Info: Trying to load compatibility code...
Package biblatex Info: ... file 'blx-compat.def' found.

(C:\Users\Diego De Pablo\AppData\Local\Programs\MiKTeX\tex/latex/biblatex\blx-c
ompat.def
File: blx-compat.def 2024/03/21 v3.20 biblatex compatibility (PK/MW)
)
Package biblatex Info: Trying to load BibTeX backend compatibility...
Package biblatex Info: ... file 'blx-bibtex.def' found.

(C:\Users\Diego De Pablo\AppData\Local\Programs\MiKTeX\tex/latex/biblatex\blx-b
ibtex.def
File: blx-bibtex.def 2024/03/21 v3.20 biblatex compatibility (PK/MW)


Package biblatex Warning: Using fall-back bibtex backend:
(biblatex)                functionality may be reduced/unavailable.

)
Package biblatex Info: Trying to load generic definitions...
Package biblatex Info: ... file 'biblatex.def' found.

(C:\Users\Diego De Pablo\AppData\Local\Programs\MiKTeX\tex/latex/biblatex\bibla
tex.def
File: biblatex.def 2024/03/21 v3.20 biblatex compatibility (PK/MW)
\c@textcitecount=\count409
\c@textcitetotal=\count410
\c@textcitemaxnames=\count411
\c@biburlbigbreakpenalty=\count412
\c@biburlbreakpenalty=\count413
\c@biburlnumpenalty=\count414
\c@biburlucpenalty=\count415
\c@biburllcpenalty=\count416
\biburlbigskip=\muskip18
\biburlnumskip=\muskip19
\biburlucskip=\muskip20
\biburllcskip=\muskip21
\c@smartand=\count417
)
Package biblatex Info: Trying to load bibliography style 'numeric'...
Package biblatex Info: ... file 'numeric.bbx' found.

(C:\Users\Diego De Pablo\AppData\Local\Programs\MiKTeX\tex/latex/biblatex/bbx\n
umeric.bbx
File: numeric.bbx 2024/03/21 v3.20 biblatex bibliography style (PK/MW)
Package biblatex Info: Trying to load bibliography style 'standard'...
Package biblatex Info: ... file 'standard.bbx' found.

(C:\Users\Diego De Pablo\AppData\Local\Programs\MiKTeX\tex/latex/biblatex/bbx\s
tandard.bbx
File: standard.bbx 2024/03/21 v3.20 biblatex bibliography style (PK/MW)
\c@bbx:relatedcount=\count418
\c@bbx:relatedtotal=\count419
))
Package biblatex Info: Trying to load citation style 'numeric'...
Package biblatex Info: ... file 'numeric.cbx' found.

(C:\Users\Diego De Pablo\AppData\Local\Programs\MiKTeX\tex/latex/biblatex/cbx\n
umeric.cbx
File: numeric.cbx 2024/03/21 v3.20 biblatex citation style (PK/MW)
Package biblatex Info: Redefining '\cite'.
Package biblatex Info: Redefining '\parencite'.
Package biblatex Info: Redefining '\footcite'.
Package biblatex Info: Redefining '\footcitetext'.
Package biblatex Info: Redefining '\smartcite'.
Package biblatex Info: Redefining '\supercite'.
Package biblatex Info: Redefining '\textcite'.
Package biblatex Info: Redefining '\textcites'.
Package biblatex Info: Redefining '\cites'.
Package biblatex Info: Redefining '\parencites'.
Package biblatex Info: Redefining '\smartcites'.
)
Package biblatex Info: Trying to load configuration file...
Package biblatex Info: ... file 'biblatex.cfg' found.

(C:\Users\Diego De Pablo\AppData\Local\Programs\MiKTeX\tex/latex/biblatex\bibla
tex.cfg
File: biblatex.cfg 
)
Package biblatex Info: Input encoding 'utf8' detected.
Package biblatex Info: Document encoding is UTF8 ....

(C:\Users\Diego De Pablo\AppData\Local\Programs\MiKTeX\tex/latex/l3kernel\expl3
.sty
Package: expl3 2024-08-30 L3 programming layer (loader) 

(C:\Users\Diego De Pablo\AppData\Local\Programs\MiKTeX\tex/latex/l3backend\l3ba
ckend-pdftex.def
File: l3backend-pdftex.def 2024-05-08 L3 backend support: PDF output (pdfTeX)
\l__color_backend_stack_int=\count420
\l__pdf_internal_box=\box56
))
Package biblatex Info: ... and expl3
(biblatex)             2024-08-30 L3 programming layer (loader) 
(biblatex)             is new enough (at least 2020/04/06),
(biblatex)             setting 'casechanger=expl3'.

(C:\Users\Diego De Pablo\AppData\Local\Programs\MiKTeX\tex/latex/biblatex\blx-c
ase-expl3.sty
(C:\Users\Diego De Pablo\AppData\Local\Programs\MiKTeX\tex/latex/l3packages/xpa
rse\xparse.sty
Package: xparse 2024-08-16 L3 Experimental document command parser
)
Package: blx-case-expl3 2024/03/21 v3.20 expl3 case changing code for biblatex
))
(C:\Users\Diego De Pablo\AppData\Local\Programs\MiKTeX\tex/latex/float\float.st
y
Package: float 2001/11/08 v1.3d Float enhancements (AL)
\c@float@type=\count421
\float@exts=\toks24
\float@box=\box57
\@float@everytoks=\toks25
\@floatcapt=\box58
)
(C:\Users\Diego De Pablo\AppData\Local\Programs\MiKTeX\tex/latex/geometry\geome
try.sty
Package: geometry 2020/01/02 v5.9 Page Geometry

(C:\Users\Diego De Pablo\AppData\Local\Programs\MiKTeX\tex/generic/iftex\ifvtex
.sty
Package: ifvtex 2019/10/25 v1.7 ifvtex legacy package. Use iftex instead.
)
\Gm@cnth=\count422
\Gm@cntv=\count423
\c@Gm@tempcnt=\count424
\Gm@bindingoffset=\dimen159
\Gm@wd@mp=\dimen160
\Gm@odd@mp=\dimen161
\Gm@even@mp=\dimen162
\Gm@layoutwidth=\dimen163
\Gm@layoutheight=\dimen164
\Gm@layouthoffset=\dimen165
\Gm@layoutvoffset=\dimen166
\Gm@dimlist=\toks26

(C:\Users\Diego De Pablo\AppData\Local\Programs\MiKTeX\tex/latex/geometry\geome
try.cfg))
\@quotelevel=\count425
\@quotereset=\count426
 (MAIN.aux)
\openout1 = `MAIN.aux'.

LaTeX Font Info:    Checking defaults for OML/cmm/m/it on input line 31.
LaTeX Font Info:    ... okay on input line 31.
LaTeX Font Info:    Checking defaults for OMS/cmsy/m/n on input line 31.
LaTeX Font Info:    ... okay on input line 31.
LaTeX Font Info:    Checking defaults for OT1/cmr/m/n on input line 31.
LaTeX Font Info:    ... okay on input line 31.
LaTeX Font Info:    Checking defaults for T1/cmr/m/n on input line 31.
LaTeX Font Info:    ... okay on input line 31.
LaTeX Font Info:    Checking defaults for TS1/cmr/m/n on input line 31.
LaTeX Font Info:    ... okay on input line 31.
LaTeX Font Info:    Checking defaults for OMX/cmex/m/n on input line 31.
LaTeX Font Info:    ... okay on input line 31.
LaTeX Font Info:    Checking defaults for U/cmr/m/n on input line 31.
LaTeX Font Info:    ... okay on input line 31.
LaTeX Font Info:    Checking defaults for PD1/pdf/m/n on input line 31.
LaTeX Font Info:    ... okay on input line 31.
LaTeX Font Info:    Checking defaults for PU/pdf/m/n on input line 31.
LaTeX Font Info:    ... okay on input line 31.

(C:\Users\Diego De Pablo\AppData\Local\Programs\MiKTeX\tex/context/base/mkii\su
pp-pdf.mkii
[Loading MPS to PDF converter (version 2006.09.02).]
\scratchcounter=\count427
\scratchdimen=\dimen167
\scratchbox=\box59
\nofMPsegments=\count428
\nofMParguments=\count429
\everyMPshowfont=\toks27
\MPscratchCnt=\count430
\MPscratchDim=\dimen168
\MPnumerator=\count431
\makeMPintoPDFobject=\count432
\everyMPtoPDFconversion=\toks28
)
(C:\Users\Diego De Pablo\AppData\Local\Programs\MiKTeX\tex/latex/epstopdf-pkg\e
pstopdf-base.sty
Package: epstopdf-base 2020-01-24 v2.11 Base part for package epstopdf
Package epstopdf-base Info: Redefining graphics rule for `.eps' on input line 4
85.

(C:\Users\Diego De Pablo\AppData\Local\Programs\MiKTeX\tex/latex/00miktex\epsto
pdf-sys.cfg
File: epstopdf-sys.cfg 2021/03/18 v2.0 Configuration of epstopdf for MiKTeX
))
(C:\Users\Diego De Pablo\AppData\Local\Programs\MiKTeX\tex/latex/pdflscape\pdfl
scape.sty
Package: pdflscape 2022-10-27 v0.13 Display of landscape pages in PDF

(C:\Users\Diego De Pablo\AppData\Local\Programs\MiKTeX\tex/latex/pdflscape\pdfl
scape-nometadata.sty
Package: pdflscape-nometadata 2022-10-28 v0.13 Display of landscape pages in PD
F (HO)

(C:\Users\Diego De Pablo\AppData\Local\Programs\MiKTeX\tex/latex/graphics\lscap
e.sty
Package: lscape 2020/05/28 v3.02 Landscape Pages (DPC)
)
Package pdflscape Info: Auto-detected driver: pdftex on input line 81.
))
Package hyperref Info: Link coloring OFF on input line 31.
 (MAIN.out) (MAIN.out)
\@outlinefile=\write4
\openout4 = `MAIN.out'.

\c@lstlisting=\count433
Package biblatex Info: Trying to load language 'english'...
Package biblatex Info: ... file 'english.lbx' found.

(C:\Users\Diego De Pablo\AppData\Local\Programs\MiKTeX\tex/latex/biblatex/lbx\e
nglish.lbx
File: english.lbx 2024/03/21 v3.20 biblatex localization (PK/MW)
)
Package biblatex Info: Input encoding 'utf8' detected.
Package biblatex Info: Automatic encoding selection.
(biblatex)             Assuming data encoding 'utf8'.
Package biblatex Info: Input encoding 'utf8' detected.
Package biblatex Info: Data encoding 'utf8' specified.
(biblatex)             No need to reencode data.
\openout3 = `MAIN-blx.bib'.

Package biblatex Info: Trying to load bibliographic data...
Package biblatex Info: ... file 'MAIN.bbl' found.
 (MAIN.bbl)
Package biblatex Info: Reference section=0 on input line 31.
Package biblatex Info: Reference segment=0 on input line 31.

*geometry* driver: auto-detecting
*geometry* detected driver: pdftex
*geometry* verbose mode - [ preamble ] result:
* driver: pdftex
* paper: a4paper
* layout: <same size as paper>
* layoutoffset:(h,v)=(0.0pt,0.0pt)
* modes: twoside 
* h-part:(L,W,R)=(85.35826pt, 426.79135pt, 85.35826pt)
* v-part:(T,H,B)=(71.13188pt, 702.78308pt, 71.13188pt)
* \paperwidth=597.50787pt
* \paperheight=845.04684pt
* \textwidth=426.79135pt
* \textheight=702.78308pt
* \oddsidemargin=13.08827pt
* \evensidemargin=13.08827pt
* \topmargin=-41.1381pt
* \headheight=15.0pt
* \headsep=25.0pt
* \topskip=12.0pt
* \footskip=30.0pt
* \marginparwidth=85.0pt
* \marginparsep=10.0pt
* \columnsep=10.0pt
* \skip\footins=10.8pt plus 4.0pt minus 2.0pt
* \hoffset=0.0pt
* \voffset=0.0pt
* \mag=1000
* \@twocolumnfalse
* \@twosidetrue
* \@mparswitchtrue
* \@reversemarginfalse
* (1in=72.27pt=25.4mm, 1cm=28.453pt)



pdfTeX warning: pdflatex.exe (file ./cover.pdf): PDF inclusion: found PDF versi
on <1.7>, but at most version <1.5> allowed
<cover.pdf, id=131, 597.19112pt x 845.19763pt>
File: cover.pdf Graphic file (type pdf)
<use cover.pdf>
Package pdftex.def Info: cover.pdf  used on input line 34.
(pdftex.def)             Requested size: 597.18967pt x 845.19557pt.


pdfTeX warning: pdflatex.exe (file ./cover.pdf): PDF inclusion: found PDF versi
on <1.7>, but at most version <1.5> allowed
File: cover.pdf Graphic file (type pdf)
<use cover.pdf>
Package pdftex.def Info: cover.pdf  used on input line 34.
(pdftex.def)             Requested size: 597.18967pt x 845.19557pt.


pdfTeX warning: pdflatex.exe (file ./cover.pdf): PDF inclusion: found PDF versi
on <1.7>, but at most version <1.5> allowed


pdfTeX warning: pdflatex.exe (file ./cover.pdf): PDF inclusion: found PDF versi
on <1.7>, but at most version <1.5> allowed
<cover.pdf, id=134, page=1, 597.19112pt x 845.19763pt>
File: cover.pdf Graphic file (type pdf)
<use cover.pdf, page 1>
Package pdftex.def Info: cover.pdf , page1 used on input line 34.
(pdftex.def)             Requested size: 597.18967pt x 845.19557pt.
File: cover.pdf Graphic file (type pdf)
<use cover.pdf, page 1>
Package pdftex.def Info: cover.pdf , page1 used on input line 34.
(pdftex.def)             Requested size: 597.18967pt x 845.19557pt.
File: cover.pdf Graphic file (type pdf)
<use cover.pdf, page 1>
Package pdftex.def Info: cover.pdf , page1 used on input line 34.
(pdftex.def)             Requested size: 597.18967pt x 845.19557pt.


File: cover.pdf Graphic file (type pdf)
<use cover.pdf, page 1>
Package pdftex.def Info: cover.pdf , page1 used on input line 34.
(pdftex.def)             Requested size: 597.18967pt x 845.19557pt.
[1


 <./cover.pdf>]

pdfTeX warning: pdflatex.exe (file ./title.pdf): PDF inclusion: found PDF versi
on <1.7>, but at most version <1.5> allowed
<title.pdf, id=155, 597.19112pt x 845.19763pt>
File: title.pdf Graphic file (type pdf)
<use title.pdf>
Package pdftex.def Info: title.pdf  used on input line 39.
(pdftex.def)             Requested size: 597.18967pt x 845.19557pt.


pdfTeX warning: pdflatex.exe (file ./title.pdf): PDF inclusion: found PDF versi
on <1.7>, but at most version <1.5> allowed
File: title.pdf Graphic file (type pdf)
<use title.pdf>
Package pdftex.def Info: title.pdf  used on input line 39.
(pdftex.def)             Requested size: 597.18967pt x 845.19557pt.


pdfTeX warning: pdflatex.exe (file ./title.pdf): PDF inclusion: found PDF versi
on <1.7>, but at most version <1.5> allowed


pdfTeX warning: pdflatex.exe (file ./title.pdf): PDF inclusion: found PDF versi
on <1.7>, but at most version <1.5> allowed
<title.pdf, id=158, page=1, 597.19112pt x 845.19763pt>
File: title.pdf Graphic file (type pdf)
<use title.pdf, page 1>
Package pdftex.def Info: title.pdf , page1 used on input line 39.
(pdftex.def)             Requested size: 597.18967pt x 845.19557pt.
File: title.pdf Graphic file (type pdf)
<use title.pdf, page 1>
Package pdftex.def Info: title.pdf , page1 used on input line 39.
(pdftex.def)             Requested size: 597.18967pt x 845.19557pt.
File: title.pdf Graphic file (type pdf)
<use title.pdf, page 1>
Package pdftex.def Info: title.pdf , page1 used on input line 39.
(pdftex.def)             Requested size: 597.18967pt x 845.19557pt.



pdfTeX warning (ext4): destination with the same identifier (name{page.1}) has 
been already used, duplicate ignored
<to be read again> 
                   \relax 
l.39 ...oscale=true, width=\paperwidth]{title.pdf}
                                                  
File: title.pdf Graphic file (type pdf)
<use title.pdf, page 1>
Package pdftex.def Info: title.pdf , page1 used on input line 39.
(pdftex.def)             Requested size: 597.18967pt x 845.19557pt.
 [1


 <./title.pdf>] (MAIN.toc
LaTeX Font Info:    External font `cmex10' loaded for size
(Font)              <12> on input line 5.
LaTeX Font Info:    External font `cmex10' loaded for size
(Font)              <8> on input line 5.
LaTeX Font Info:    External font `cmex10' loaded for size
(Font)              <6> on input line 5.


[2{C:/Users/Diego De Pablo/AppData/Local/MiKTeX/fonts/map/pdftex/pdftex.map}])
\tf@toc=\write5
\openout5 = `MAIN.toc'.



[3]
Overfull \hbox (0.75525pt too wide) in paragraph at lines 79--80
\OT1/cmr/m/n/12 `Di-ag-no-sis-String` (primera di-mensi^^Son). La con-sulta SQL
 uti-lizada para obtener
 []



[4]
Overfull \hbox (10.13354pt too wide) in paragraph at lines 111--111
 []   \OT1/cmtt/m/n/12 LEFT JOIN prueba.dbo.Paciente P ON I.uniquePID = P.uniqu
ePID_og[] 
 []


Overfull \hbox (22.48355pt too wide) in paragraph at lines 112--112
 []   \OT1/cmtt/m/n/12 LEFT JOIN prueba.dbo.Hospital H ON I.HospitalID = H.hosp
italID_og[] 
 []

<image/origenDatos.png, id=235, 170.43675pt x 30.71475pt>
File: image/origenDatos.png Graphic file (type png)
<use image/origenDatos.png>
Package pdftex.def Info: image/origenDatos.png  used on input line 129.
(pdftex.def)             Requested size: 213.39568pt x 38.4594pt.


[5]
<image/conexion.png, id=244, 483.0045pt x 484.81125pt>
File: image/conexion.png Graphic file (type png)
<use image/conexion.png>
Package pdftex.def Info: image/conexion.png  used on input line 138.
(pdftex.def)             Requested size: 298.75264pt x 299.86969pt.
<image/vistaOrigenConexion.png, id=246, 431.211pt x 326.4195pt>
File: image/vistaOrigenConexion.png Graphic file (type png)
<use image/vistaOrigenConexion.png>
Package pdftex.def Info: image/vistaOrigenConexion.png  used on input line 147.

(pdftex.def)             Requested size: 298.75264pt x 226.16109pt.


[6
pdfTeX warning (ext4): destination with the same identifier (name{figure.1}) ha
s been already used, duplicate ignored
<argument> ...shipout:D \box_use:N \l_shipout_box 
                                                  \__shipout_drop_firstpage_...
l.151 
      
pdfTeX warning (ext4): destination with the same identifier (name{figure.2}) ha
s been already used, duplicate ignored
<argument> ...shipout:D \box_use:N \l_shipout_box 
                                                  \__shipout_drop_firstpage_...
l.151 
       <./image/origenDatos.png> <./image/conexion.png>]
<image/seleccionTablas.png, id=258, 432.4155pt x 284.262pt>
File: image/seleccionTablas.png Graphic file (type png)
<use image/seleccionTablas.png>
Package pdftex.def Info: image/seleccionTablas.png  used on input line 158.
(pdftex.def)             Requested size: 298.75264pt x 196.3969pt.
<image/asistenteVista.png, id=260, 431.81325pt x 326.4195pt>
File: image/asistenteVista.png Graphic file (type png)
<use image/asistenteVista.png>
Package pdftex.def Info: image/asistenteVista.png  used on input line 167.
(pdftex.def)             Requested size: 298.75264pt x 225.84729pt.

Underfull \vbox (badness 10000) has occurred while \output is active []



[7
pdfTeX warning (ext4): destination with the same identifier (name{figure.3}) ha
s been already used, duplicate ignored
<argument> ...shipout:D \box_use:N \l_shipout_box 
                                                  \__shipout_drop_firstpage_...
l.171 
      
pdfTeX warning (ext4): destination with the same identifier (name{figure.4}) ha
s been already used, duplicate ignored
<argument> ...shipout:D \box_use:N \l_shipout_box 
                                                  \__shipout_drop_firstpage_...
l.171 
       <./image/vistaOrigenConexion.png> <./image/seleccionTablas.png>]
<image/vista_origenes_datos.png, id=271, 350.5095pt x 437.83575pt>
File: image/vista_origenes_datos.png Graphic file (type png)
<use image/vista_origenes_datos.png>
Package pdftex.def Info: image/vista_origenes_datos.png  used on input line 178
.
(pdftex.def)             Requested size: 426.79135pt x 533.12999pt.

Underfull \vbox (badness 10000) has occurred while \output is active []



[8
pdfTeX warning (ext4): destination with the same identifier (name{figure.5}) ha
s been already used, duplicate ignored
<argument> ...shipout:D \box_use:N \l_shipout_box 
                                                  \__shipout_drop_firstpage_...
l.182 
       <./image/asistenteVista.png>]
<image/crearCubo.png, id=279, 431.211pt x 279.444pt>
File: image/crearCubo.png Graphic file (type png)
<use image/crearCubo.png>
Package pdftex.def Info: image/crearCubo.png  used on input line 189.
(pdftex.def)             Requested size: 426.79135pt x 276.59071pt.

Underfull \vbox (badness 3884) has occurred while \output is active []



[9
pdfTeX warning (ext4): destination with the same identifier (name{figure.6}) ha
s been already used, duplicate ignored
<argument> ...shipout:D \box_use:N \l_shipout_box 
                                                  \__shipout_drop_firstpage_...
l.193 
       <./image/vista_origenes_datos.png>]
<image/seleccionTablasCubo.png, id=287, 431.81325pt x 295.1025pt>
File: image/seleccionTablasCubo.png Graphic file (type png)
<use image/seleccionTablasCubo.png>
Package pdftex.def Info: image/seleccionTablasCubo.png  used on input line 198.

(pdftex.def)             Requested size: 426.79135pt x 291.68855pt.

Underfull \vbox (badness 10000) has occurred while \output is active []



[10
pdfTeX warning (ext4): destination with the same identifier (name{figure.7}) ha
s been already used, duplicate ignored
<argument> ...shipout:D \box_use:N \l_shipout_box 
                                                  \__shipout_drop_firstpage_...
l.202 
       <./image/crearCubo.png>]
Overfull \hbox (11.89404pt too wide) in paragraph at lines 203--204
\OT1/cmr/m/n/12 cionadas y 1 es la tabla de he-chos. Esto in-cluye las tablas \
OT1/cmr/m/it/12 Ad-mis-sionDx\OT1/cmr/m/n/12 , \OT1/cmr/m/it/12 ApacheApsVar\OT
1/cmr/m/n/12 ,
 []

<image/loquellevamos.png, id=295, 172.84575pt x 216.81pt>
File: image/loquellevamos.png Graphic file (type png)
<use image/loquellevamos.png>
Package pdftex.def Info: image/loquellevamos.png  used on input line 209.
(pdftex.def)             Requested size: 213.39568pt x 267.6738pt.

Underfull \vbox (badness 10000) has occurred while \output is active []



[11
pdfTeX warning (ext4): destination with the same identifier (name{figure.8}) ha
s been already used, duplicate ignored
<argument> ...shipout:D \box_use:N \l_shipout_box 
                                                  \__shipout_drop_firstpage_...
l.213 
       <./image/seleccionTablasCubo.png>]
<image/dimPaciente.png, id=304, 730.52925pt x 315.579pt>
File: image/dimPaciente.png Graphic file (type png)
<use image/dimPaciente.png>
Package pdftex.def Info: image/dimPaciente.png  used on input line 231.
(pdftex.def)             Requested size: 426.79135pt x 184.3746pt.

Underfull \vbox (badness 4096) has occurred while \output is active []



[12
pdfTeX warning (ext4): destination with the same identifier (name{figure.9}) ha
s been already used, duplicate ignored
<argument> ...shipout:D \box_use:N \l_shipout_box 
                                                  \__shipout_drop_firstpage_...
l.235 
       <./image/loquellevamos.png>]
<image/EthnicityID.png, id=313, 230.0595pt x 154.176pt>
File: image/EthnicityID.png Graphic file (type png)
<use image/EthnicityID.png>
Package pdftex.def Info: image/EthnicityID.png  used on input line 242.
(pdftex.def)             Requested size: 426.79135pt x 286.05153pt.
<image/EthnicityID2.png, id=315, 381.22424pt x 378.81525pt>
File: image/EthnicityID2.png Graphic file (type png)
<use image/EthnicityID2.png>
Package pdftex.def Info: image/EthnicityID2.png  used on input line 251.
(pdftex.def)             Requested size: 426.79135pt x 424.09677pt.


[13
pdfTeX warning (ext4): destination with the same identifier (name{figure.10}) h
as been already used, duplicate ignored
<argument> ...shipout:D \box_use:N \l_shipout_box 
                                                  \__shipout_drop_firstpage_...
l.255 
      
pdfTeX warning (ext4): destination with the same identifier (name{figure.11}) h
as been already used, duplicate ignored
<argument> ...shipout:D \box_use:N \l_shipout_box 
                                                  \__shipout_drop_firstpage_...
l.255 
       <./image/dimPaciente.png> <./image/EthnicityID.png>]
<image/GenderID.png, id=324, 383.031pt x 379.4175pt>
File: image/GenderID.png Graphic file (type png)
<use image/GenderID.png>
Package pdftex.def Info: image/GenderID.png  used on input line 266.
(pdftex.def)             Requested size: 426.79135pt x 422.79681pt.

Underfull \vbox (badness 10000) has occurred while \output is active []



[14
pdfTeX warning (ext4): destination with the same identifier (name{figure.12}) h
as been already used, duplicate ignored
<argument> ...shipout:D \box_use:N \l_shipout_box 
                                                  \__shipout_drop_firstpage_...
l.270 
       <./image/EthnicityID2.png>]
<image/JRegion.png, id=330, 82.50826pt x 59.62276pt>
File: image/JRegion.png Graphic file (type png)
<use image/JRegion.png>
Package pdftex.def Info: image/JRegion.png  used on input line 279.
(pdftex.def)             Requested size: 213.39568pt x 154.22035pt.

Underfull \vbox (badness 10000) has occurred while \output is active []



[15
pdfTeX warning (ext4): destination with the same identifier (name{figure.13}) h
as been already used, duplicate ignored
<argument> ...shipout:D \box_use:N \l_shipout_box 
                                                  \__shipout_drop_firstpage_...
l.283 
       <./image/GenderID.png>]
<image/RegionID.png, id=337, 381.22424pt x 375.20175pt>
File: image/RegionID.png Graphic file (type png)
<use image/RegionID.png>
Package pdftex.def Info: image/RegionID.png  used on input line 288.
(pdftex.def)             Requested size: 426.79135pt x 420.05133pt.


[16
pdfTeX warning (ext4): destination with the same identifier (name{figure.14}) h
as been already used, duplicate ignored
<argument> ...shipout:D \box_use:N \l_shipout_box 
                                                  \__shipout_drop_firstpage_...
l.294 
      
pdfTeX warning (ext4): destination with the same identifier (name{figure.15}) h
as been already used, duplicate ignored
<argument> ...shipout:D \box_use:N \l_shipout_box 
                                                  \__shipout_drop_firstpage_...
l.294 
       <./image/JRegion.png> <./image/RegionID.png>]
<image/JIngresoUCI.png, id=346, 112.0185pt x 60.225pt>
File: image/JIngresoUCI.png Graphic file (type png)
<use image/JIngresoUCI.png>
Package pdftex.def Info: image/JIngresoUCI.png  used on input line 301.
(pdftex.def)             Requested size: 213.39568pt x 114.73099pt.
<image/JAlergia.png, id=347, 81.30376pt x 58.41824pt>
File: image/JAlergia.png Graphic file (type png)
<use image/JAlergia.png>
Package pdftex.def Info: image/JAlergia.png  used on input line 312.
(pdftex.def)             Requested size: 213.39568pt x 153.34125pt.
<image/allergyID.png, id=348, 380.01974pt x 378.81525pt>
File: image/allergyID.png Graphic file (type png)
<use image/allergyID.png>
Package pdftex.def Info: image/allergyID.png  used on input line 321.
(pdftex.def)             Requested size: 426.79135pt x 425.45512pt.

Underfull \vbox (badness 10000) has occurred while \output is active []



[17
pdfTeX warning (ext4): destination with the same identifier (name{figure.16}) h
as been already used, duplicate ignored
<argument> ...shipout:D \box_use:N \l_shipout_box 
                                                  \__shipout_drop_firstpage_...
l.325 
      
pdfTeX warning (ext4): destination with the same identifier (name{figure.17}) h
as been already used, duplicate ignored
<argument> ...shipout:D \box_use:N \l_shipout_box 
                                                  \__shipout_drop_firstpage_...
l.325 
       <./image/JIngresoUCI.png> <./image/JAlergia.png>]
<image/JDiagnosis.png, id=357, 85.5195pt x 60.82726pt>
File: image/JDiagnosis.png Graphic file (type png)
<use image/JDiagnosis.png>
Package pdftex.def Info: image/JDiagnosis.png  used on input line 334.
(pdftex.def)             Requested size: 213.39568pt x 151.78745pt.

Underfull \vbox (badness 10000) has occurred while \output is active []



[18
pdfTeX warning (ext4): destination with the same identifier (name{figure.18}) h
as been already used, duplicate ignored
<argument> ...shipout:D \box_use:N \l_shipout_box 
                                                  \__shipout_drop_firstpage_...
l.338 
       <./image/allergyID.png>]
<image/DiagnosisID.png, id=365, 383.031pt x 380.622pt>
File: image/DiagnosisID.png Graphic file (type png)
<use image/DiagnosisID.png>
Package pdftex.def Info: image/DiagnosisID.png  used on input line 343.
(pdftex.def)             Requested size: 426.79135pt x 424.139pt.


[19
pdfTeX warning (ext4): destination with the same identifier (name{figure.19}) h
as been already used, duplicate ignored
<argument> ...shipout:D \box_use:N \l_shipout_box 
                                                  \__shipout_drop_firstpage_...
l.350 \subsubsection
                    {Medication}
pdfTeX warning (ext4): destination with the same identifier (name{figure.20}) h
as been already used, duplicate ignored
<argument> ...shipout:D \box_use:N \l_shipout_box 
                                                  \__shipout_drop_firstpage_...
l.350 \subsubsection
                    {Medication} <./image/JDiagnosis.png> <./image/DiagnosisID.
png>]
<image/JMedication.png, id=374, 98.769pt x 60.225pt>
File: image/JMedication.png Graphic file (type png)
<use image/JMedication.png>
Package pdftex.def Info: image/JMedication.png  used on input line 356.
(pdftex.def)             Requested size: 213.39568pt x 130.12262pt.
<image/routeAdmin.png, id=375, 383.031pt x 380.622pt>
File: image/routeAdmin.png Graphic file (type png)
<use image/routeAdmin.png>
Package pdftex.def Info: image/routeAdmin.png  used on input line 365.
(pdftex.def)             Requested size: 426.79135pt x 424.139pt.

Underfull \vbox (badness 10000) has occurred while \output is active []



[20
pdfTeX warning (ext4): destination with the same identifier (name{figure.21}) h
as been already used, duplicate ignored
<argument> ...shipout:D \box_use:N \l_shipout_box 
                                                  \__shipout_drop_firstpage_...
l.369 
       <./image/JMedication.png>]
<image/MedicationID.png, id=382, 381.22424pt x 377.0085pt>
File: image/MedicationID.png Graphic file (type png)
<use image/MedicationID.png>
Package pdftex.def Info: image/MedicationID.png  used on input line 376.
(pdftex.def)             Requested size: 426.79135pt x 422.07405pt.

Underfull \vbox (badness 10000) has occurred while \output is active []



[21
pdfTeX warning (ext4): destination with the same identifier (name{figure.22}) h
as been already used, duplicate ignored
<argument> ...shipout:D \box_use:N \l_shipout_box 
                                                  \__shipout_drop_firstpage_...
l.380 
       <./image/routeAdmin.png>]
Overfull \hbox (80.9466pt too wide) in paragraph at lines 385--386
\OT1/cmr/m/n/12 Para la di-mensi^^Son Tiempo, ser^^Sa nece-sario primero ar-ras
-trar los atrib-u-tos \OT1/cmtt/m/n/12 HospitalDischargeTime24
 []

<image/JTiempo.png, id=390, 673.91776pt x 272.81924pt>
File: image/JTiempo.png Graphic file (type png)
<use image/JTiempo.png>
Package pdftex.def Info: image/JTiempo.png  used on input line 391.
(pdftex.def)             Requested size: 426.79135pt x 172.77621pt.

Underfull \vbox (badness 10000) has occurred while \output is active []



[22
pdfTeX warning (ext4): destination with the same identifier (name{figure.23}) h
as been already used, duplicate ignored
<argument> ...shipout:D \box_use:N \l_shipout_box 
                                                  \__shipout_drop_firstpage_...
l.395 
       <./image/MedicationID.png>]
<image/tiempoPropiedades.png, id=398, 278.84175pt x 164.41425pt>
File: image/tiempoPropiedades.png Graphic file (type png)
<use image/tiempoPropiedades.png>
Package pdftex.def Info: image/tiempoPropiedades.png  used on input line 404.
(pdftex.def)             Requested size: 426.79135pt x 251.67589pt.

Overfull \hbox (25.75899pt too wide) in paragraph at lines 409--410
[]\OT1/cmr/m/n/12 Seleccionaremos las colum-nas \OT1/cmtt/m/n/12 HospitalDischa
rgeYear \OT1/cmr/m/n/12 y \OT1/cmtt/m/n/12 HospitalDischargeTime24
 []

<image/keyColumnTiempo.png, id=399, 428.19975pt x 357.7365pt>
File: image/keyColumnTiempo.png Graphic file (type png)
<use image/keyColumnTiempo.png>
Package pdftex.def Info: image/keyColumnTiempo.png  used on input line 415.
(pdftex.def)             Requested size: 426.79135pt x 356.56746pt.


[23
pdfTeX warning (ext4): destination with the same identifier (name{figure.24}) h
as been already used, duplicate ignored
<argument> ...shipout:D \box_use:N \l_shipout_box 
                                                  \__shipout_drop_firstpage_...
l.419 
      
pdfTeX warning (ext4): destination with the same identifier (name{figure.25}) h
as been already used, duplicate ignored
<argument> ...shipout:D \box_use:N \l_shipout_box 
                                                  \__shipout_drop_firstpage_...
l.419 
       <./image/JTiempo.png> <./image/tiempoPropiedades.png>]
<image/relacionesTiempoDps1.png, id=407, 317.38576pt x 81.906pt>
File: image/relacionesTiempoDps1.png Graphic file (type png)
<use image/relacionesTiempoDps1.png>
Package pdftex.def Info: image/relacionesTiempoDps1.png  used on input line 424
.
(pdftex.def)             Requested size: 426.79135pt x 110.14214pt.

Overfull \hbox (6.85709pt too wide) in paragraph at lines 429--430
[]\OT1/cmr/m/n/12 Luego, creare-mos una nueva relaci^^Son de atrib-uto para \OT
1/cmtt/m/n/12 HospitalDischargeTime24\OT1/cmr/m/n/12 .
 []

<image/relacionesTiempoDps2.png, id=409, 583.58025pt x 320.397pt>
File: image/relacionesTiempoDps2.png Graphic file (type png)
<use image/relacionesTiempoDps2.png>
Package pdftex.def Info: image/relacionesTiempoDps2.png  used on input line 433
.
(pdftex.def)             Requested size: 426.79135pt x 234.32297pt.

Underfull \vbox (badness 1635) has occurred while \output is active []



[24
pdfTeX warning (ext4): destination with the same identifier (name{figure.26}) h
as been already used, duplicate ignored
<argument> ...shipout:D \box_use:N \l_shipout_box 
                                                  \__shipout_drop_firstpage_...
l.437 
      
pdfTeX warning (ext4): destination with the same identifier (name{figure.27}) h
as been already used, duplicate ignored
<argument> ...shipout:D \box_use:N \l_shipout_box 
                                                  \__shipout_drop_firstpage_...
l.437 
       <./image/keyColumnTiempo.png> <./image/relacionesTiempoDps1.png>]
<image/gruposMedida.png, id=421, 774.4935pt x 319.1925pt>
File: image/gruposMedida.png Graphic file (type png)
<use image/gruposMedida.png>
Package pdftex.def Info: image/gruposMedida.png  used on input line 449.
(pdftex.def)             Requested size: 426.79135pt x 175.89734pt.


[25
pdfTeX warning (ext4): destination with the same identifier (name{figure.28}) h
as been already used, duplicate ignored
<argument> ...shipout:D \box_use:N \l_shipout_box 
                                                  \__shipout_drop_firstpage_...
l.455 
      
pdfTeX warning (ext4): destination with the same identifier (name{figure.29}) h
as been already used, duplicate ignored
<argument> ...shipout:D \box_use:N \l_shipout_box 
                                                  \__shipout_drop_firstpage_...
l.455 
       <./image/relacionesTiempoDps2.png> <./image/gruposMedida.png>]
<image/medidasNuevas.png, id=430, 155.3805pt x 99.37125pt>
File: image/medidasNuevas.png Graphic file (type png)
<use image/medidasNuevas.png>
Package pdftex.def Info: image/medidasNuevas.png  used on input line 464.
(pdftex.def)             Requested size: 298.75264pt x 191.0681pt.
<image/checkVerde.png, id=432, 852.786pt x 446.26724pt>
File: image/checkVerde.png Graphic file (type png)
<use image/checkVerde.png>
Package pdftex.def Info: image/checkVerde.png  used on input line 476.
(pdftex.def)             Requested size: 426.79135pt x 223.33734pt.

Underfull \vbox (badness 10000) has occurred while \output is active []



[26
pdfTeX warning (ext4): destination with the same identifier (name{figure.30}) h
as been already used, duplicate ignored
<argument> ...shipout:D \box_use:N \l_shipout_box 
                                                  \__shipout_drop_firstpage_...
l.480 
       <./image/medidasNuevas.png>]
LaTeX Font Info:    Trying to load font information for OMS+cmr on input line 4
84.

(C:\Users\Diego De Pablo\AppData\Local\Programs\MiKTeX\tex/latex/base\omscmr.fd
File: omscmr.fd 2023/04/13 v2.5m Standard LaTeX font definitions
)
LaTeX Font Info:    Font shape `OMS/cmr/m/n' in size <12> not available
(Font)              Font shape `OMS/cmsy/m/n' tried instead on input line 484.
<image/despliegue.png, id=440, 591.4095pt x 374.5995pt>
File: image/despliegue.png Graphic file (type png)
<use image/despliegue.png>
Package pdftex.def Info: image/despliegue.png  used on input line 488.
(pdftex.def)             Requested size: 426.79135pt x 270.32875pt.

Underfull \vbox (badness 10000) has occurred while \output is active []



[27
pdfTeX warning (ext4): destination with the same identifier (name{figure.31}) h
as been already used, duplicate ignored
<argument> ...shipout:D \box_use:N \l_shipout_box 
                                                  \__shipout_drop_firstpage_...
l.492 	
        <./image/checkVerde.png>]
Underfull \vbox (badness 7504) has occurred while \output is active []



[28
pdfTeX warning (ext4): destination with the same identifier (name{figure.32}) h
as been already used, duplicate ignored
<argument> ...shipout:D \box_use:N \l_shipout_box 
                                                  \__shipout_drop_firstpage_...
l.507 	
        <./image/despliegue.png>]
Overfull \hbox (11.63387pt too wide) in paragraph at lines 514--514
[]  \OT1/cmtt/m/n/12 NON EMPTY {[Measures].[Recuento Ingreso UCI], [Measures].[
AgeMaximo],[] 
 []

<image/consulta1.png, id=454, 245.11575pt x 52.39575pt>
File: image/consulta1.png Graphic file (type png)
<use image/consulta1.png>
Package pdftex.def Info: image/consulta1.png  used on input line 525.
(pdftex.def)             Requested size: 341.43437pt x 72.99057pt.


[29
pdfTeX warning (ext4): destination with the same identifier (name{figure.33}) h
as been already used, duplicate ignored
<argument> ...shipout:D \box_use:N \l_shipout_box 
                                                  \__shipout_drop_firstpage_...
l.536 	\begin{verbatim}
                        <./image/consulta1.png>]
Overfull \hbox (8.17421pt too wide) in paragraph at lines 550--551
[]\OT1/cmr/m/n/12 En esta con-sulta se de-fine la me-dida cal-cu-lada \OT1/cmtt
/m/n/12 [Measures].[TotalMedicamentos]
 []

<image/consulta2.png, id=462, 154.77824pt x 173.448pt>
File: image/consulta2.png Graphic file (type png)
<use image/consulta2.png>
Package pdftex.def Info: image/consulta2.png  used on input line 554.
(pdftex.def)             Requested size: 277.41176pt x 310.92784pt.


[30
pdfTeX warning (ext4): destination with the same identifier (name{figure.34}) h
as been already used, duplicate ignored
<argument> ...shipout:D \box_use:N \l_shipout_box 
                                                  \__shipout_drop_firstpage_...
l.560 	
        <./image/consulta2.png>]
Overfull \hbox (0.67151pt too wide) in paragraph at lines 561--561
\OT1/cmr/bx/n/14.4 pi-ra-to-ria por Regi^^Son Hos-pi-ta-laria y Et-nia para Pa-
cientes
 []


Overfull \hbox (11.63387pt too wide) in paragraph at lines 578--578
[]  \OT1/cmtt/m/n/12 [Measures].[Respiratory Rate] / [Measures].[Recuento Apach
e Aps Var],[] 
 []


Overfull \hbox (59.43147pt too wide) in paragraph at lines 598--599
[]\OT1/cmr/m/n/12 En esta con-sulta se de-finen varias me-di-das cal-cu-ladas, 
in-cluyendo \OT1/cmtt/m/n/12 [Measures].[MediaPaO2]\OT1/cmr/m/n/12 ,
 []

<image/consulta3.png, id=471, 314.3745pt x 200.54926pt>
File: image/consulta3.png Graphic file (type png)
<use image/consulta3.png>
Package pdftex.def Info: image/consulta3.png  used on input line 602.
(pdftex.def)             Requested size: 341.43437pt x 217.8293pt.


[31]

[32
pdfTeX warning (ext4): destination with the same identifier (name{figure.35}) h
as been already used, duplicate ignored
<argument> ...shipout:D \box_use:N \l_shipout_box 
                                                  \__shipout_drop_firstpage_...
l.624 		[Hospital].[Region ID].[All],
                                      <./image/consulta3.png>]
Overfull \hbox (25.2926pt too wide) in paragraph at lines 642--643
[]\OT1/cmr/m/n/12 En esta con-sulta se de-finen varias me-di-das cal-cu-ladas, 
in-cluyendo \OT1/cmtt/m/n/12 [Measures].[Total
 []


Overfull \hbox (60.07458pt too wide) in paragraph at lines 642--643
\OT1/cmtt/m/n/12 Acumulado] \OT1/cmr/m/n/12 para sumar los in-gre-sos en UCI po
r regi^^Son hos-pi-ta-laria, y \OT1/cmtt/m/n/12 [Measures].[Porcentaje
 []

<image/consulta4.png, id=483, 250.536pt x 73.4745pt>
File: image/consulta4.png Graphic file (type png)
<use image/consulta4.png>
Package pdftex.def Info: image/consulta4.png  used on input line 646.
(pdftex.def)             Requested size: 341.43437pt x 100.13362pt.


[33
pdfTeX warning (ext4): destination with the same identifier (name{figure.36}) h
as been already used, duplicate ignored
<argument> ...shipout:D \box_use:N \l_shipout_box 
                                                  \__shipout_drop_firstpage_...
l.659 		MEMBER [Measures].[Recuento Anual] AS
                                              <./image/consulta4.png>]
<image/consulta5.png, id=491, 174.6525pt x 188.50426pt>
File: image/consulta5.png Graphic file (type png)
<use image/consulta5.png>
Package pdftex.def Info: image/consulta5.png  used on input line 673.
(pdftex.def)             Requested size: 341.43437pt x 368.56837pt.


[34
pdfTeX warning (ext4): destination with the same identifier (name{figure.37}) h
as been already used, duplicate ignored
<argument> ...shipout:D \box_use:N \l_shipout_box 
                                                  \__shipout_drop_firstpage_...
l.679 	
        <./image/consulta5.png>]
<image/consulta6.png, id=499, 130.68825pt x 162.6075pt>
File: image/consulta6.png Graphic file (type png)
<use image/consulta6.png>
Package pdftex.def Info: image/consulta6.png  used on input line 704.
(pdftex.def)             Requested size: 183.51715pt x 228.33871pt.


[35
pdfTeX warning (ext4): destination with the same identifier (name{figure.38}) h
as been already used, duplicate ignored
<argument> ...shipout:D \box_use:N \l_shipout_box 
                                                  \__shipout_drop_firstpage_...
l.710 	
        <./image/consulta6.png>]
Overfull \hbox (4.00279pt too wide) in paragraph at lines 746--747
[]\OT1/cmr/m/n/12 En esta con-sulta se em-plean los el-e-men-tos vis-tos an-te-
ri-or-mente in-ten-tando obtener
 []

<image/consulta7.png, id=507, 308.95425pt x 229.45724pt>
File: image/consulta7.png Graphic file (type png)
<use image/consulta7.png>
Package pdftex.def Info: image/consulta7.png  used on input line 750.
(pdftex.def)             Requested size: 341.43437pt x 253.59064pt.


[36]

[37
pdfTeX warning (ext4): destination with the same identifier (name{figure.39}) h
as been already used, duplicate ignored
<argument> ...shipout:D \box_use:N \l_shipout_box 
                                                  \__shipout_drop_firstpage_...
l.777 		
         <./image/consulta7.png>]
<image/consulta8.png, id=520, 239.09325pt x 87.9285pt>
File: image/consulta8.png Graphic file (type png)
<use image/consulta8.png>
Package pdftex.def Info: image/consulta8.png  used on input line 802.
(pdftex.def)             Requested size: 341.43437pt x 125.57979pt.


[38
pdfTeX warning (ext4): destination with the same identifier (name{figure.40}) h
as been already used, duplicate ignored
<argument> ...shipout:D \box_use:N \l_shipout_box 
                                                  \__shipout_drop_firstpage_...
l.811 	
        <./image/consulta8.png>]
Underfull \vbox (badness 1635) has occurred while \output is active []



[39]

pdfTeX warning: pdflatex.exe (file ./backcover.pdf): PDF inclusion: found PDF v
ersion <1.7>, but at most version <1.5> allowed
<backcover.pdf, id=536, 597.23125pt x 845.1575pt>
File: backcover.pdf Graphic file (type pdf)
<use backcover.pdf>
Package pdftex.def Info: backcover.pdf  used on input line 855.
(pdftex.def)             Requested size: 597.22978pt x 845.15544pt.


pdfTeX warning: pdflatex.exe (file ./backcover.pdf): PDF inclusion: found PDF v
ersion <1.7>, but at most version <1.5> allowed
File: backcover.pdf Graphic file (type pdf)
<use backcover.pdf>
Package pdftex.def Info: backcover.pdf  used on input line 855.
(pdftex.def)             Requested size: 597.22978pt x 845.15544pt.


pdfTeX warning: pdflatex.exe (file ./backcover.pdf): PDF inclusion: found PDF v
ersion <1.7>, but at most version <1.5> allowed


pdfTeX warning: pdflatex.exe (file ./backcover.pdf): PDF inclusion: found PDF v
ersion <1.7>, but at most version <1.5> allowed
<backcover.pdf, id=539, page=1, 597.23125pt x 845.1575pt>
File: backcover.pdf Graphic file (type pdf)
<use backcover.pdf, page 1>
Package pdftex.def Info: backcover.pdf , page1 used on input line 855.
(pdftex.def)             Requested size: 597.22978pt x 845.15544pt.


[40]
File: backcover.pdf Graphic file (type pdf)
<use backcover.pdf, page 1>
Package pdftex.def Info: backcover.pdf , page1 used on input line 855.
(pdftex.def)             Requested size: 597.22978pt x 845.15544pt.
File: backcover.pdf Graphic file (type pdf)
<use backcover.pdf, page 1>
Package pdftex.def Info: backcover.pdf , page1 used on input line 855.
(pdftex.def)             Requested size: 597.22978pt x 845.15544pt.


File: backcover.pdf Graphic file (type pdf)
<use backcover.pdf, page 1>
Package pdftex.def Info: backcover.pdf , page1 used on input line 855.
(pdftex.def)             Requested size: 597.22978pt x 845.15544pt.
[41

 <./backcover.pdf>] (MAIN.aux)
 ***********
LaTeX2e <2024-06-01> patch level 2
L3 programming layer <2024-08-30>
 ***********
Package rerunfilecheck Info: File `MAIN.out' has not changed.
(rerunfilecheck)             Checksum: 4C007B5D5E351B2F6D10AEC6C6DACD7F;9277.
Package logreq Info: Writing requests to 'MAIN.run.xml'.
\openout1 = `MAIN.run.xml'.

 ) 
Here is how much of TeX's memory you used:
 19822 strings out of 473899
 352467 string characters out of 5722216
 960648 words of memory out of 5000000
 42374 multiletter control sequences out of 15000+600000
 563477 words of font info for 54 fonts, out of 8000000 for 9000
 1141 hyphenation exceptions out of 8191
 75i,17n,81p,1905b,1291s stack positions out of 10000i,1000n,20000p,200000b,200000s
 <C:\Users\Diego De Pablo\AppData\Local\MiKTeX\fonts/pk/ljfour/jknappen/ec/dp
i600\tcrm1200.pk><C:/Users/Diego De Pablo/AppData/Local/Programs/MiKTeX/fonts/t
ype1/public/amsfonts/cm/cmbx12.pfb><C:/Users/Diego De Pablo/AppData/Local/Progr
ams/MiKTeX/fonts/type1/public/amsfonts/cm/cmcsc10.pfb><C:/Users/Diego De Pablo/
AppData/Local/Programs/MiKTeX/fonts/type1/public/amsfonts/cm/cmr12.pfb><C:/User
s/Diego De Pablo/AppData/Local/Programs/MiKTeX/fonts/type1/public/amsfonts/cm/c
msy10.pfb><C:/Users/Diego De Pablo/AppData/Local/Programs/MiKTeX/fonts/type1/pu
blic/amsfonts/cm/cmti12.pfb><C:/Users/Diego De Pablo/AppData/Local/Programs/MiK
TeX/fonts/type1/public/amsfonts/cm/cmtt12.pfb>
Output written on MAIN.pdf (42 pages, 793505 bytes).
PDF statistics:
 625 PDF objects out of 1000 (max. 8388607)
 118 named destinations out of 1000 (max. 500000)
 517 words of extra memory for PDF output out of 10000 (max. 10000000)

